[2023-04-21 16:14:16][alert] Post to Social Network Initialisation
[2023-04-21 16:14:17][alert] Post to Social Display Custom Fields
[2023-04-21 16:14:17][alert] Post to Social Network Initialisation
[2023-04-21 16:14:17][alert] Post to Social Network Initialisation
[2023-04-21 16:14:25][alert] Post to Social Network Initialisation
[2023-04-21 16:14:32][alert] Post to Social Network Initialisation
[2023-04-21 16:14:33][alert] Post to Social Network Initialisation
[2023-04-21 16:14:33][alert] Post to Social Network Initialisation
[2023-04-21 16:14:39][alert] Post to Social Network Initialisation
[2023-04-21 16:14:40][alert] Post to Social Network Initialisation
[2023-04-21 16:14:46][alert] Post to Social Network Initialisation
[2023-04-21 16:14:53][alert] Post to Social Network Initialisation
[2023-04-21 16:15:00][alert] Post to Social Network Initialisation
[2023-04-21 16:15:07][alert] Post to Social Network Initialisation
[2023-04-21 16:15:14][alert] Post to Social Network Initialisation
[2023-04-21 16:15:21][alert] Post to Social Network Initialisation
[2023-04-21 16:15:28][alert] Post to Social Network Initialisation
[2023-04-21 16:15:35][alert] Post to Social Network Initialisation
[2023-04-21 16:15:36][alert] Post to Social Network Initialisation
[2023-04-21 16:15:42][alert] Post to Social Network Initialisation
[2023-04-21 16:15:49][alert] Post to Social Network Initialisation
[2023-04-21 16:15:56][alert] Post to Social Network Initialisation
[2023-04-21 16:16:03][alert] Post to Social Network Initialisation
[2023-04-21 16:16:10][alert] Post to Social Network Initialisation
[2023-04-21 16:18:47][alert] Post to Social Network Initialisation
[2023-04-21 16:18:47][alert] Post to Social Network Initialisation
[2023-04-21 16:18:48][alert] Post to Social Network Initialisation
[2023-04-21 16:18:50][alert] Post to Social Network Initialisation
[2023-04-21 16:18:51][alert] Post to Social Display Custom Fields
[2023-04-21 16:18:51][alert] Post to Social Network Initialisation
[2023-04-21 16:18:59][alert] Post to Social Network Initialisation
[2023-04-21 16:19:06][alert] Post to Social Network Initialisation
[2023-04-21 16:19:07][alert] Post to Social Network Initialisation
[2023-04-21 16:19:13][alert] Post to Social Network Initialisation
[2023-04-21 16:19:20][alert] Post to Social Network Initialisation
[2023-04-21 16:19:22][alert] Post to Social Network Initialisation
[2023-04-21 16:19:27][alert] Post to Social Network Initialisation
[2023-04-21 16:19:34][alert] Post to Social Network Initialisation
[2023-04-21 16:19:35][alert] Post to Social Network Initialisation
[2023-04-21 16:19:41][alert] Post to Social Network Initialisation
[2023-04-21 16:19:48][alert] Post to Social Network Initialisation
[2023-04-21 16:19:55][alert] Post to Social Network Initialisation
[2023-04-21 16:20:02][alert] Post to Social Network Initialisation
[2023-04-21 16:20:09][alert] Post to Social Network Initialisation
[2023-04-21 16:20:16][alert] Post to Social Network Initialisation
[2023-04-21 16:20:23][alert] Post to Social Network Initialisation
[2023-04-21 16:20:30][alert] Post to Social Network Initialisation
[2023-04-21 16:20:38][alert] Post to Social Network Initialisation
[2023-04-21 16:20:39][alert] Post to Social Network Initialisation
[2023-04-21 16:20:45][alert] Post to Social Network Initialisation
[2023-04-21 16:20:53][alert] Post to Social Network Initialisation
[2023-04-21 16:21:00][alert] Post to Social Network Initialisation
[2023-04-21 16:21:07][alert] Post to Social Network Initialisation
[2023-04-21 16:21:15][alert] Post to Social Network Initialisation
[2023-04-21 16:21:22][alert] Post to Social Network Initialisation
[2023-04-21 16:21:23][alert] Post to Social Network Initialisation
[2023-04-21 16:21:30][alert] Post to Social Network Initialisation
[2023-04-21 16:21:37][alert] Post to Social Network Initialisation
[2023-04-21 16:21:38][alert] Post to Social Network Initialisation
[2023-04-21 16:21:44][alert] Post to Social Network Initialisation
[2023-04-21 16:21:52][alert] Post to Social Network Initialisation
[2023-04-21 16:21:59][alert] Post to Social Network Initialisation
[2023-04-21 16:22:06][alert] Post to Social Network Initialisation
[2023-04-21 16:22:14][alert] Post to Social Network Initialisation
[2023-04-21 16:22:22][alert] Post to Social Network Initialisation
[2023-04-21 16:22:29][alert] Post to Social Network Initialisation
[2023-04-21 16:22:36][alert] Post to Social Network Initialisation
[2023-04-21 16:22:37][alert] Post to Social Network Initialisation
[2023-04-21 16:22:43][alert] Post to Social Network Initialisation
[2023-04-21 16:22:50][alert] Post to Social Network Initialisation
[2023-04-21 16:22:57][alert] Post to Social Network Initialisation
[2023-04-21 16:23:04][alert] Post to Social Network Initialisation
[2023-04-21 16:23:11][alert] Post to Social Network Initialisation
[2023-04-21 16:23:14][alert] Post to Social Network Initialisation
[2023-04-21 16:23:18][alert] Post to Social Network Initialisation
[2023-04-21 16:23:26][alert] Post to Social Network Initialisation
[2023-04-21 16:23:29][alert] Post to Social Network Initialisation
[2023-04-21 16:23:34][alert] Post to Social Network Initialisation
[2023-04-21 16:23:35][alert] Post to Social Network Initialisation
[2023-04-21 16:23:41][alert] Post to Social Network Initialisation
[2023-04-21 16:23:48][alert] Post to Social Network Initialisation
[2023-04-21 16:23:56][alert] Post to Social Network Initialisation
[2023-04-21 16:24:03][alert] Post to Social Network Initialisation
[2023-04-21 16:24:11][alert] Post to Social Network Initialisation
[2023-04-21 16:24:18][alert] Post to Social Network Initialisation
[2023-04-21 16:24:26][alert] Post to Social Network Initialisation
[2023-04-21 16:24:33][alert] Post to Social Network Initialisation
[2023-04-21 16:24:34][alert] Post to Social Network Initialisation
[2023-04-21 16:24:40][alert] Post to Social Network Initialisation
[2023-04-21 16:24:47][alert] Post to Social Network Initialisation
[2023-04-21 16:24:54][alert] Post to Social Network Initialisation
[2023-04-21 16:25:01][alert] Post to Social Network Initialisation
[2023-04-21 16:25:08][alert] Post to Social Network Initialisation
[2023-04-21 16:25:15][alert] Post to Social Network Initialisation
[2023-04-21 16:25:22][alert] Post to Social Network Initialisation
[2023-04-21 16:25:29][alert] Post to Social Network Initialisation
[2023-04-21 16:25:30][alert] Post to Social Network Initialisation
[2023-04-21 16:25:37][alert] Post to Social Network Initialisation
[2023-04-21 16:25:38][alert] Post to Social Network Initialisation
[2023-04-21 16:25:44][alert] Post to Social Network Initialisation
[2023-04-21 16:25:51][alert] Post to Social Network Initialisation
[2023-04-21 16:25:59][alert] Post to Social Network Initialisation
[2023-04-21 16:26:06][alert] Post to Social Network Initialisation
[2023-04-21 16:26:13][alert] Post to Social Network Initialisation
[2023-04-21 16:26:20][alert] Post to Social Network Initialisation
[2023-04-21 16:26:27][alert] Post to Social Network Initialisation
[2023-04-21 16:26:35][alert] Post to Social Network Initialisation
[2023-04-21 16:26:36][alert] Post to Social Network Initialisation
[2023-04-21 16:26:42][alert] Post to Social Network Initialisation
[2023-04-21 16:26:49][alert] Post to Social Network Initialisation
[2023-04-21 16:26:56][alert] Post to Social Network Initialisation
[2023-04-21 16:27:03][alert] Post to Social Network Initialisation
[2023-04-21 16:27:11][alert] Post to Social Network Initialisation
[2023-04-21 16:27:19][alert] Post to Social Network Initialisation
[2023-04-21 16:27:26][alert] Post to Social Network Initialisation
[2023-04-21 16:27:29][alert] Post to Social Network Initialisation
[2023-04-21 16:27:33][alert] Post to Social Network Initialisation
[2023-04-21 16:27:34][alert] Post to Social Network Initialisation
[2023-04-21 16:27:41][alert] Post to Social Network Initialisation
[2023-04-21 16:27:48][alert] Post to Social Network Initialisation
[2023-04-21 16:27:55][alert] Post to Social Network Initialisation
[2023-04-21 16:28:02][alert] Post to Social Network Initialisation
[2023-04-21 16:28:09][alert] Post to Social Network Initialisation
[2023-04-21 16:28:16][alert] Post to Social Network Initialisation
[2023-04-21 16:28:23][alert] Post to Social Network Initialisation
[2023-04-21 16:28:30][alert] Post to Social Network Initialisation
[2023-04-21 16:28:51][alert] Post to Social Network Initialisation
[2023-04-21 16:28:52][alert] Post to Social Network Initialisation
[2023-04-21 16:28:58][alert] Post to Social Network Initialisation
[2023-04-21 16:29:05][alert] Post to Social Network Initialisation
[2023-04-21 16:29:41][alert] Post to Social Network Initialisation
[2023-04-21 16:29:42][alert] Post to Social Network Initialisation
[2023-04-21 16:29:48][alert] Post to Social Network Initialisation
[2023-04-21 16:29:55][alert] Post to Social Network Initialisation
[2023-04-21 16:30:02][alert] Post to Social Network Initialisation
[2023-04-21 16:30:09][alert] Post to Social Network Initialisation
[2023-04-21 16:30:17][alert] Post to Social Network Initialisation
[2023-04-21 16:31:22][alert] Post to Social Network Initialisation
[2023-04-21 16:31:22][alert] Post to Social Network Initialisation
[2023-04-21 16:31:29][alert] Post to Social Network Initialisation
[2023-04-21 16:31:30][alert] Post to Social Network Initialisation
[2023-04-21 16:31:37][alert] Post to Social Network Initialisation
[2023-04-21 16:31:37][alert] Post to Social Network Initialisation
[2023-04-21 16:31:44][alert] Post to Social Network Initialisation
[2023-04-21 16:31:58][alert] Post to Social Network Initialisation
[2023-04-21 16:32:05][alert] Post to Social Network Initialisation
[2023-04-21 16:32:13][alert] Post to Social Network Initialisation
[2023-04-21 16:32:20][alert] Post to Social Network Initialisation
[2023-04-21 16:32:28][alert] Post to Social Network Initialisation
[2023-04-21 16:32:35][alert] Post to Social Network Initialisation
[2023-04-21 16:32:35][alert] Post to Social Network Initialisation
[2023-04-21 16:32:43][alert] Post to Social Network Initialisation
[2023-04-21 16:32:50][alert] Post to Social Network Initialisation
[2023-04-21 16:32:57][alert] Post to Social Network Initialisation
[2023-04-21 16:33:04][alert] Post to Social Network Initialisation
[2023-04-21 16:33:11][alert] Post to Social Network Initialisation
[2023-04-21 16:33:18][alert] Post to Social Network Initialisation
[2023-04-21 16:33:25][alert] Post to Social Network Initialisation
[2023-04-21 16:33:32][alert] Post to Social Network Initialisation
[2023-04-21 16:33:39][alert] Post to Social Network Initialisation
[2023-04-21 16:33:39][alert] Post to Social Network Initialisation
[2023-04-21 16:33:46][alert] Post to Social Network Initialisation
[2023-04-21 16:34:01][alert] Post to Social Network Initialisation
[2023-04-21 16:34:08][alert] Post to Social Network Initialisation
[2023-04-21 16:34:15][alert] Post to Social Network Initialisation
[2023-04-21 16:34:22][alert] Post to Social Network Initialisation
[2023-04-21 16:34:29][alert] Post to Social Network Initialisation
[2023-04-21 16:34:36][alert] Post to Social Network Initialisation
[2023-04-21 16:34:36][alert] Post to Social Network Initialisation
[2023-04-21 16:34:43][alert] Post to Social Network Initialisation
[2023-04-21 16:34:58][alert] Post to Social Network Initialisation
[2023-04-21 16:35:05][alert] Post to Social Network Initialisation
[2023-04-21 16:35:13][alert] Post to Social Network Initialisation
[2023-04-21 16:35:20][alert] Post to Social Network Initialisation
[2023-04-21 16:35:27][alert] Post to Social Network Initialisation
[2023-04-21 16:35:34][alert] Post to Social Network Initialisation
[2023-04-21 16:35:35][alert] Post to Social Network Initialisation
[2023-04-21 16:35:41][alert] Post to Social Network Initialisation
[2023-04-21 16:35:42][alert] Post to Social Network Initialisation
[2023-04-21 16:35:48][alert] Post to Social Network Initialisation
[2023-04-21 16:35:55][alert] Post to Social Network Initialisation
[2023-04-21 16:36:02][alert] Post to Social Network Initialisation
[2023-04-21 16:36:09][alert] Post to Social Network Initialisation
[2023-04-21 16:36:16][alert] Post to Social Network Initialisation
[2023-04-21 16:36:24][alert] Post to Social Network Initialisation
[2023-04-21 16:36:31][alert] Post to Social Network Initialisation
[2023-04-21 16:36:38][alert] Post to Social Network Initialisation
[2023-04-21 16:36:38][alert] Post to Social Network Initialisation
[2023-04-21 16:36:45][alert] Post to Social Network Initialisation
[2023-04-21 16:36:52][alert] Post to Social Network Initialisation
[2023-04-21 16:36:59][alert] Post to Social Network Initialisation
[2023-04-21 16:37:06][alert] Post to Social Network Initialisation
[2023-04-21 16:37:13][alert] Post to Social Network Initialisation
[2023-04-21 16:37:21][alert] Post to Social Network Initialisation
[2023-04-21 16:37:28][alert] Post to Social Network Initialisation
[2023-04-21 16:37:35][alert] Post to Social Network Initialisation
[2023-04-21 16:37:36][alert] Post to Social Network Initialisation
[2023-04-21 16:37:42][alert] Post to Social Network Initialisation
[2023-04-21 16:37:43][alert] Post to Social Network Initialisation
[2023-04-21 16:37:50][alert] Post to Social Network Initialisation
[2023-04-21 16:37:57][alert] Post to Social Network Initialisation
[2023-04-21 16:38:04][alert] Post to Social Network Initialisation
[2023-04-21 16:38:11][alert] Post to Social Network Initialisation
[2023-04-21 16:38:18][alert] Post to Social Network Initialisation
[2023-04-21 16:38:25][alert] Post to Social Network Initialisation
[2023-04-21 16:38:33][alert] Post to Social Network Initialisation
[2023-04-21 16:38:33][alert] Post to Social Network Initialisation
[2023-04-21 16:38:41][alert] Post to Social Network Initialisation
[2023-04-21 16:38:48][alert] Post to Social Network Initialisation
[2023-04-21 16:38:55][alert] Post to Social Network Initialisation
[2023-04-21 16:39:02][alert] Post to Social Network Initialisation
[2023-04-21 16:39:09][alert] Post to Social Network Initialisation
[2023-04-21 16:39:23][alert] Post to Social Network Initialisation
[2023-04-21 16:39:30][alert] Post to Social Network Initialisation
[2023-04-21 16:39:37][alert] Post to Social Network Initialisation
[2023-04-21 16:39:37][alert] Post to Social Network Initialisation
[2023-04-21 16:39:42][alert] Post to Social Network Initialisation
[2023-04-21 16:39:44][alert] Post to Social Network Initialisation
[2023-04-21 16:39:52][alert] Post to Social Network Initialisation
[2023-04-21 16:40:00][alert] Post to Social Network Initialisation
[2023-04-21 16:40:07][alert] Post to Social Network Initialisation
[2023-04-21 16:40:15][alert] Post to Social Network Initialisation
[2023-04-21 16:40:15][alert] Post to Social Network Initialisation
[2023-04-21 16:40:22][alert] Post to Social Network Initialisation
[2023-04-21 16:40:30][alert] Post to Social Network Initialisation
[2023-04-21 16:40:37][alert] Post to Social Network Initialisation
[2023-04-21 16:40:37][alert] Post to Social Network Initialisation
[2023-04-21 16:40:45][alert] Post to Social Network Initialisation
[2023-04-21 16:40:52][alert] Post to Social Network Initialisation
[2023-04-21 16:40:59][alert] Post to Social Network Initialisation
[2023-04-21 16:41:06][alert] Post to Social Network Initialisation
[2023-04-21 16:41:13][alert] Post to Social Network Initialisation
[2023-04-21 16:41:20][alert] Post to Social Network Initialisation
[2023-04-21 16:41:27][alert] Post to Social Network Initialisation
[2023-04-21 16:41:34][alert] Post to Social Network Initialisation
[2023-04-21 16:41:34][alert] Post to Social Network Initialisation
[2023-04-21 16:41:41][alert] Post to Social Network Initialisation
[2023-04-21 16:41:42][alert] Post to Social Network Initialisation
[2023-04-21 16:41:48][alert] Post to Social Network Initialisation
[2023-04-21 16:41:55][alert] Post to Social Network Initialisation
[2023-04-21 16:42:02][alert] Post to Social Network Initialisation
[2023-04-21 16:42:09][alert] Post to Social Network Initialisation
[2023-04-21 16:42:16][alert] Post to Social Network Initialisation
[2023-04-21 16:42:23][alert] Post to Social Network Initialisation
[2023-04-21 16:42:30][alert] Post to Social Network Initialisation
[2023-04-21 16:42:37][alert] Post to Social Network Initialisation
[2023-04-21 16:42:37][alert] Post to Social Network Initialisation
[2023-04-21 16:42:45][alert] Post to Social Network Initialisation
[2023-04-21 16:42:52][alert] Post to Social Network Initialisation
[2023-04-21 16:43:27][alert] Post to Social Network Initialisation
[2023-04-21 16:43:34][alert] Post to Social Network Initialisation
[2023-04-21 16:43:34][alert] Post to Social Network Initialisation
[2023-04-21 16:43:42][alert] Post to Social Network Initialisation
[2023-04-21 16:43:43][alert] Post to Social Network Initialisation
[2023-04-21 16:43:49][alert] Post to Social Network Initialisation
[2023-04-21 16:43:56][alert] Post to Social Network Initialisation
[2023-04-21 16:44:03][alert] Post to Social Network Initialisation
[2023-04-21 16:44:10][alert] Post to Social Network Initialisation
[2023-04-21 16:44:17][alert] Post to Social Network Initialisation
[2023-04-21 16:44:24][alert] Post to Social Network Initialisation
[2023-04-21 16:44:28][alert] Post to Social Network Initialisation
[2023-04-21 16:44:28][alert] Post to Social Network Initialisation
[2023-04-21 16:44:29][alert] Post to Social Display Custom Fields
[2023-04-21 16:44:29][alert] Post to Social Network Initialisation
[2023-04-21 16:44:29][alert] Post to Social Network Initialisation
[2023-04-21 16:44:35][alert] Post to Social Network Initialisation
[2023-04-21 16:44:35][alert] Post to Social Network Initialisation
[2023-04-21 16:44:36][alert] Post to Social Network Initialisation
[2023-04-21 16:44:43][alert] Post to Social Network Initialisation
[2023-04-21 16:44:44][alert] Post to Social Network Initialisation
[2023-04-21 16:44:52][alert] Post to Social Network Initialisation
[2023-04-21 16:44:53][alert] Post to Social Network Initialisation
[2023-04-21 16:44:54][alert] Post to Social Network Initialisation
[2023-04-21 16:44:55][alert] Post to Social Display Custom Fields
[2023-04-21 16:44:55][alert] Post to Social Network Initialisation
[2023-04-21 16:44:57][alert] Post to Social Network Initialisation
[2023-04-21 16:44:58][alert] Post to Social Network Initialisation
[2023-04-21 16:44:59][alert] Post to Social Network Initialisation
[2023-04-21 16:44:59][alert] Post to Social Display Custom Fields
[2023-04-21 16:44:59][alert] Post to Social Network Initialisation
[2023-04-21 16:45:00][alert] Post to Social Network Initialisation
[2023-04-21 16:45:04][alert] Post to Social Network Initialisation
[2023-04-21 16:45:05][alert] Post to Social Network Initialisation
[2023-04-21 16:49:31][alert] Post to Social Network Initialisation
[2023-04-21 16:49:32][alert] Post to Social Network Initialisation
[2023-04-21 16:49:35][alert] Post to Social Network Initialisation
[2023-04-21 16:50:33][alert] Post to Social Network Initialisation
[2023-04-21 16:50:33][alert] Post to Social Network Initialisation
[2023-04-21 16:50:37][alert] Post to Social Network Initialisation
[2023-04-21 16:50:38][alert] Post to Social Network Initialisation
[2023-04-21 16:51:06][alert] Post to Social Network Initialisation
[2023-04-21 16:51:09][alert] Post to Social Network Initialisation
[2023-04-21 16:51:10][alert] Post to Social Network Initialisation
[2023-04-21 16:51:10][alert] Post to Social Network Initialisation
[2023-04-21 16:51:11][alert] Post to Social Display Custom Fields
[2023-04-21 16:51:11][alert] Post to Social Network Initialisation
[2023-04-21 16:51:18][alert] Post to Social Network Initialisation
[2023-04-21 16:51:19][alert] Post to Social Network Initialisation
[2023-04-21 16:51:19][alert] Post to Social Display Custom Fields
[2023-04-21 16:51:19][alert] Post to Social Network Initialisation
[2023-04-21 16:51:19][alert] Post to Social Network Initialisation
[2023-04-21 16:51:27][alert] Post to Social Network Initialisation
[2023-04-21 16:51:34][alert] Post to Social Network Initialisation
[2023-04-21 16:51:35][alert] Post to Social Network Initialisation
[2023-04-21 16:51:35][alert] Post to Social Network Initialisation
[2023-04-21 16:51:37][alert] Post to Social Network Initialisation
[2023-04-21 16:51:37][alert] Post to Social Network Initialisation
[2023-04-21 16:51:41][alert] Post to Social Network Initialisation
[2023-04-21 16:51:41][alert] Post to Social Network Initialisation
[2023-04-21 16:51:42][alert] Post to Social Network Initialisation
[2023-04-21 16:51:43][alert] Post to Social Display Custom Fields
[2023-04-21 16:51:43][alert] Post to Social Network Initialisation
[2023-04-21 16:51:43][alert] Post to Social Network Initialisation
[2023-04-21 16:51:46][alert] Post to Social Network Initialisation
[2023-04-21 16:51:48][alert] Post to Social Network Initialisation
[2023-04-21 16:51:50][alert] Post to Social Network Initialisation
[2023-04-21 16:51:51][alert] Post to Social Network Initialisation
[2023-04-21 16:51:52][alert] {"error":{"message":"Error validating access token: The session has been invalidated because the user changed their password or Facebook has changed the session for security reasons.","type":"OAuthException","code":190,"error_subcode":460,"fbtrace_id":"AILfcDylhgRaQfrGeJnHdf2"}}
[2023-04-21 16:51:52][error] 
[2023-04-21 16:51:52][alert] Post to Social Network Initialisation
[2023-04-21 16:53:46][alert] Post to Social Network Initialisation
[2023-04-21 16:53:47][alert] Post to Social Network Initialisation
[2023-04-21 16:53:47][alert] Post to Social Network Initialisation
[2023-04-21 16:53:48][alert] Post to Social Display Custom Fields
[2023-04-21 16:53:48][alert] Post to Social Network Initialisation
[2023-04-21 16:53:49][alert] Post to Social Network Initialisation
[2023-04-21 16:53:51][alert] Post to Social Network Initialisation
[2023-04-21 16:53:52][alert] Post to Social Network Initialisation
[2023-04-21 16:54:48][alert] Post to Social Network Initialisation
[2023-04-21 16:54:49][alert] Post to Social Network Initialisation
[2023-04-21 16:54:50][alert] Post to Social Network Initialisation
[2023-04-21 16:54:54][alert] Post to Social Network Initialisation
[2023-04-21 16:54:55][alert] Post to Social Network Initialisation
[2023-04-21 16:54:56][alert] Post to Social Network Initialisation
[2023-04-21 16:54:57][alert] Post to Social Display Custom Fields
[2023-04-21 16:54:57][alert] Post to Social Network Initialisation
[2023-04-21 16:55:02][alert] Post to Social Network Initialisation
[2023-04-21 16:55:03][alert] Post to Social Display Custom Fields
[2023-04-21 16:55:03][alert] Post to Social Network Initialisation
[2023-04-21 16:55:03][alert] Post to Social Network Initialisation
[2023-04-21 16:55:06][alert] Post to Social Network Initialisation
[2023-04-21 16:55:07][alert] Post to Social Network Initialisation
[2023-04-21 16:55:11][alert] Post to Social Network Initialisation
[2023-04-21 16:55:13][alert] Post to Social Network Initialisation
[2023-04-21 16:55:13][alert] Post to Social Network Initialisation
[2023-04-21 16:55:14][alert] Post to Social Display Custom Fields
[2023-04-21 16:55:14][alert] Post to Social Network Initialisation
[2023-04-21 16:55:15][alert] Post to Social Network Initialisation
[2023-04-21 16:55:16][alert] Post to Social Network Initialisation
[2023-04-21 16:55:17][alert] {"error":{"message":"The url you supplied is invalid","type":"OAuthException","code":1500,"error_subcode":1611248,"is_transient":false,"error_user_title":"URL non valide","error_user_msg":"\u00c9chec lors de l\u2019analyse de l\u2019URL","fbtrace_id":"Arxw2fjijfocOgvvolDmoMU"}}
[2023-04-21 16:55:17][error] 
[2023-04-21 16:55:17][alert] stdClass Object
(
    [data] => stdClass Object
        (
            [edit_history_tweet_ids] => Array
                (
                    [0] => 1649456779598745600
                )

            [id] => 1649456779598745600
            [text] => Ceci est un test de la nouvelle version de partage automatique http://localhost/2023/04/21/ceci-est-un-test-de-la-nouvelle-version-de-partage-automatique-2/
        )

)

[2023-04-21 16:55:18][alert] 
[2023-04-21 16:55:18][error] 
[2023-04-21 16:55:18][alert] Post to Social Network Initialisation
[2023-04-21 16:55:18][alert] Post to Social Network Initialisation
[2023-04-21 16:55:19][alert] Post to Social Display Custom Fields
[2023-04-21 16:55:19][alert] Post to Social Network Initialisation
[2023-04-21 16:55:20][alert] Post to Social Network Initialisation
[2023-04-21 16:55:28][alert] Post to Social Network Initialisation
[2023-04-21 16:55:35][alert] Post to Social Network Initialisation
[2023-04-21 16:55:36][alert] Post to Social Network Initialisation
[2023-04-21 16:55:36][alert] Post to Social Network Initialisation
[2023-04-21 16:55:42][alert] Post to Social Network Initialisation
[2023-04-21 16:55:49][alert] Post to Social Network Initialisation
[2023-04-21 16:55:52][alert] Post to Social Network Initialisation
[2023-04-21 16:55:56][alert] Post to Social Network Initialisation
[2023-04-21 16:56:03][alert] Post to Social Network Initialisation
[2023-04-21 16:56:10][alert] Post to Social Network Initialisation
[2023-04-21 16:56:17][alert] Post to Social Network Initialisation
[2023-04-21 16:56:24][alert] Post to Social Network Initialisation
[2023-04-21 16:56:31][alert] Post to Social Network Initialisation
[2023-04-21 16:56:38][alert] Post to Social Network Initialisation
[2023-04-21 16:56:39][alert] Post to Social Network Initialisation
[2023-04-21 16:56:46][alert] Post to Social Network Initialisation
[2023-04-21 16:56:53][alert] Post to Social Network Initialisation
[2023-04-21 16:57:01][alert] Post to Social Network Initialisation
[2023-04-21 16:57:08][alert] Post to Social Network Initialisation
[2023-04-21 16:57:15][alert] Post to Social Network Initialisation
[2023-04-21 16:57:22][alert] Post to Social Network Initialisation
[2023-04-21 16:57:29][alert] Post to Social Network Initialisation
[2023-04-21 16:57:35][alert] Post to Social Network Initialisation
[2023-04-21 16:57:36][alert] Post to Social Network Initialisation
[2023-04-21 16:57:36][alert] Post to Social Network Initialisation
